[2019-12-31T10:46:18.169] [DEBUG] cheese - login => username:zs,password:123456
[2019-12-31T10:46:18.171] [DEBUG] cheese - zs
[2019-12-31T10:46:18.190] [DEBUG] cheese - null
[2019-12-31T10:46:18.191] [DEBUG] cheese - null
[2019-12-31T10:46:52.039] [DEBUG] cheese - login => username:admin,password:123456
[2019-12-31T10:46:52.039] [DEBUG] cheese - admin
[2019-12-31T10:46:52.059] [DEBUG] cheese - null
[2019-12-31T10:46:52.059] [DEBUG] cheese - null
[2019-12-31T17:26:43.286] [DEBUG] cheese - login => username:admin,password:123456
[2019-12-31T17:26:43.287] [DEBUG] cheese - admin
[2019-12-31T17:26:43.301] [DEBUG] cheese - null
[2019-12-31T17:26:43.301] [DEBUG] cheese - null
[2019-12-31T17:28:15.911] [DEBUG] cheese - login => username:admin,password:123456
[2019-12-31T17:28:15.911] [DEBUG] cheese - admin
[2019-12-31T17:28:15.916] [DEBUG] cheese - null
[2019-12-31T17:28:15.916] [DEBUG] cheese - null
[2019-12-31T17:29:15.479] [DEBUG] cheese - login => username:sadas,password:sdsadasds
[2019-12-31T17:29:15.479] [DEBUG] cheese - sadas
[2019-12-31T17:29:15.492] [DEBUG] cheese - null
[2019-12-31T17:29:15.492] [DEBUG] cheese - null
[2019-12-31T17:30:43.928] [DEBUG] cheese - login => username:sadasd,password:sadsasa
[2019-12-31T17:30:43.928] [DEBUG] cheese - sadasd
[2019-12-31T17:30:43.931] [DEBUG] cheese - null
[2019-12-31T17:30:43.932] [DEBUG] cheese - null
[2019-12-31T17:32:11.589] [DEBUG] cheese - login => username:admin,password:123456
[2019-12-31T17:32:11.589] [DEBUG] cheese - admin
[2019-12-31T17:32:11.594] [DEBUG] cheese - null
[2019-12-31T17:32:11.594] [DEBUG] cheese - null
[2019-12-31T17:32:59.831] [DEBUG] cheese - login => username:admin,password:123456
[2019-12-31T17:32:59.831] [DEBUG] cheese - admin
[2019-12-31T17:32:59.834] [DEBUG] cheese - null
[2019-12-31T17:32:59.834] [DEBUG] cheese - null
[2019-12-31T17:39:41.458] [DEBUG] cheese - login => username:ssss,password:sssssss
[2019-12-31T17:39:41.458] [DEBUG] cheese - ssss
[2019-12-31T17:39:41.465] [DEBUG] cheese - null
[2019-12-31T17:39:41.465] [DEBUG] cheese - null
[2019-12-31T17:39:57.538] [DEBUG] cheese - login => username:admin,password:123456
[2019-12-31T17:39:57.538] [DEBUG] cheese - admin
[2019-12-31T17:39:57.542] [DEBUG] cheese - null
[2019-12-31T17:39:57.543] [DEBUG] cheese - null
[2019-12-31T17:49:06.435] [DEBUG] cheese - login => username:sadas,password:sadsadsad
[2019-12-31T17:49:06.436] [DEBUG] cheese - sadas
[2019-12-31T17:49:06.438] [DEBUG] cheese - null
[2019-12-31T17:49:06.439] [DEBUG] cheese - null
[2019-12-31T17:49:17.195] [DEBUG] cheese - login => username:admin,password:123456
[2019-12-31T17:49:17.195] [DEBUG] cheese - admin
[2019-12-31T17:49:17.200] [DEBUG] cheese - null
[2019-12-31T17:49:17.200] [DEBUG] cheese - null
[2019-12-31T17:58:16.127] [DEBUG] cheese - login => username:admin,password:123456
[2019-12-31T17:58:16.127] [DEBUG] cheese - admin
[2019-12-31T17:58:16.134] [DEBUG] cheese - null
[2019-12-31T17:58:16.134] [DEBUG] cheese - null
[2020-01-02T09:19:36.156] [DEBUG] cheese - login => username:admin,password:123456
[2020-01-02T09:19:36.158] [DEBUG] cheese - admin
[2020-01-02T09:19:36.185] [DEBUG] cheese - null
[2020-01-02T09:19:36.186] [DEBUG] cheese - null
[2020-01-02T09:49:44.870] [DEBUG] cheese - login => username:admin,password:123456
[2020-01-02T09:49:44.870] [DEBUG] cheese - admin
[2020-01-02T09:49:44.875] [DEBUG] cheese - null
[2020-01-02T09:49:44.875] [DEBUG] cheese - null
[2020-01-02T11:30:04.486] [DEBUG] cheese - login => username:admin,password:123456
[2020-01-02T11:30:04.487] [DEBUG] cheese - admin
[2020-01-02T11:30:04.492] [DEBUG] cheese - null
[2020-01-02T11:30:04.493] [DEBUG] cheese - null
[2020-01-02T11:42:47.471] [DEBUG] cheese - login => username:admin,password:123456
[2020-01-02T11:42:47.471] [DEBUG] cheese - admin
[2020-01-02T11:42:47.474] [DEBUG] cheese - null
[2020-01-02T11:42:47.474] [DEBUG] cheese - null
[2020-01-02T14:29:03.377] [DEBUG] cheese - login => username:admin,password:123456
[2020-01-02T14:29:03.377] [DEBUG] cheese - admin
[2020-01-02T14:29:03.381] [DEBUG] cheese - null
[2020-01-02T14:29:03.382] [DEBUG] cheese - null
[2020-01-02T14:32:05.321] [DEBUG] cheese - login => username:admin,password:123456
[2020-01-02T14:32:05.322] [DEBUG] cheese - admin
[2020-01-02T14:32:05.335] [DEBUG] cheese - null
[2020-01-02T14:32:05.335] [DEBUG] cheese - null
[2020-01-02T14:33:07.919] [DEBUG] cheese - login => username:admin,password:123456
[2020-01-02T14:33:07.919] [DEBUG] cheese - admin
[2020-01-02T14:33:07.923] [DEBUG] cheese - null
[2020-01-02T14:33:07.923] [DEBUG] cheese - null
[2020-01-03T09:28:36.375] [DEBUG] cheese - login => username:admin,password:123456
[2020-01-03T09:28:36.377] [DEBUG] cheese - admin
[2020-01-03T09:28:36.434] [DEBUG] cheese - null
[2020-01-03T09:28:36.435] [DEBUG] cheese - null
[2020-01-03T11:01:19.046] [DEBUG] cheese - login => username:admin,password:123456
[2020-01-03T11:01:19.046] [DEBUG] cheese - admin
[2020-01-03T11:01:19.049] [DEBUG] cheese - null
[2020-01-03T11:01:19.049] [DEBUG] cheese - null
[2020-01-06T09:36:49.025] [DEBUG] cheese - login => username:admin,password:123456
[2020-01-06T09:36:49.026] [DEBUG] cheese - admin
[2020-01-06T09:36:49.077] [DEBUG] cheese - null
[2020-01-06T09:36:49.078] [DEBUG] cheese - null
[2020-01-06T10:08:29.753] [DEBUG] cheese - login => username:admin,password:123456
[2020-01-06T10:08:29.753] [DEBUG] cheese - admin
[2020-01-06T10:08:29.759] [DEBUG] cheese - null
[2020-01-06T10:08:29.760] [DEBUG] cheese - null
[2020-01-06T10:45:48.109] [DEBUG] cheese - login => username:admin,password:123456
[2020-01-06T10:45:48.109] [DEBUG] cheese - admin
[2020-01-06T10:45:48.131] [DEBUG] cheese - null
[2020-01-06T10:45:48.133] [DEBUG] cheese - null
[2020-01-06T10:57:22.649] [DEBUG] cheese - login => username:admin,password:123456
[2020-01-06T10:57:22.649] [DEBUG] cheese - admin
[2020-01-06T10:57:59.105] [DEBUG] cheese - null
[2020-01-06T10:57:59.105] [DEBUG] cheese - null
[2020-01-06T10:57:59.203] [DEBUG] cheese - login => username:admin,password:123456
[2020-01-06T10:57:59.203] [DEBUG] cheese - admin
[2020-01-06T10:57:59.211] [DEBUG] cheese - null
[2020-01-06T10:57:59.212] [DEBUG] cheese - null
[2020-01-06T11:39:56.959] [DEBUG] cheese - login => username:admin,password:123456
[2020-01-06T11:39:56.961] [DEBUG] cheese - admin
[2020-01-06T11:39:56.977] [DEBUG] cheese - null
[2020-01-06T11:39:56.978] [DEBUG] cheese - null
[2020-01-06T11:40:20.536] [DEBUG] cheese - login => username:admin,password:123456
[2020-01-06T11:40:20.536] [DEBUG] cheese - admin
[2020-01-06T11:40:20.545] [DEBUG] cheese - null
[2020-01-06T11:40:20.545] [DEBUG] cheese - null
[2020-01-06T11:40:38.101] [DEBUG] cheese - login => username:admin,password:123456
[2020-01-06T11:40:38.101] [DEBUG] cheese - admin
[2020-01-06T11:40:38.111] [DEBUG] cheese - null
[2020-01-06T11:40:38.111] [DEBUG] cheese - null
[2020-01-06T15:43:35.079] [DEBUG] cheese - login => username:admin,password:123456
[2020-01-06T15:43:35.080] [DEBUG] cheese - admin
[2020-01-06T15:43:35.084] [DEBUG] cheese - null
[2020-01-06T15:43:35.084] [DEBUG] cheese - null
